2025-12-11 01:08:40,625 - INFO - ============================================================
2025-12-11 01:08:40,625 - INFO - Project Gabriel Supervisor starting...
2025-12-11 01:08:40,625 - INFO - ============================================================
2025-12-11 01:08:40,626 - INFO - Supervisor starting all enabled programs...
2025-12-11 01:08:40,627 - INFO - Starting main.py...
2025-12-11 01:08:40,637 - INFO - main.py started with PID 2372
2025-12-11 01:08:47,639 - WARNING - main.py exited with code 0
2025-12-11 01:08:47,640 - INFO - Restarting main.py in 5 seconds...
2025-12-11 01:08:48,055 - INFO - Supervisor received shutdown signal
2025-12-11 01:08:48,056 - INFO - Supervisor stopping all programs...
2025-12-11 01:08:48,056 - INFO - Supervisor shutdown complete
2025-12-11 01:08:48,896 - INFO - ============================================================
2025-12-11 01:08:48,897 - INFO - Project Gabriel Supervisor starting...
2025-12-11 01:08:48,897 - INFO - ============================================================
2025-12-11 01:08:48,898 - INFO - Supervisor starting all enabled programs...
2025-12-11 01:08:48,898 - INFO - Starting main.py...
2025-12-11 01:08:48,906 - INFO - main.py started with PID 16332
2025-12-11 01:09:11,739 - INFO - Supervisor received shutdown signal
2025-12-11 01:09:11,740 - INFO - Supervisor stopping all programs...
2025-12-11 01:09:11,740 - INFO - Stopping main.py...
2025-12-11 01:09:11,741 - INFO - Supervisor shutdown complete
2025-12-11 01:18:43,925 - INFO - ============================================================
2025-12-11 01:18:43,926 - INFO - Project Gabriel Supervisor starting...
2025-12-11 01:18:43,926 - INFO - ============================================================
2025-12-11 01:18:43,926 - INFO - Supervisor starting all enabled programs...
2025-12-11 01:18:43,926 - INFO - Starting main.py...
2025-12-11 01:18:44,055 - INFO - main.py started with PID 40364
2025-12-11 01:19:25,633 - INFO - Supervisor received shutdown signal
2025-12-11 01:19:25,633 - INFO - Supervisor stopping all programs...
2025-12-11 01:19:25,633 - INFO - Stopping main.py...
2025-12-11 01:19:25,648 - INFO - Supervisor shutdown complete
